<?xml version="1.0" encoding="UTF-8"?>
<!-- Generated by org.testng.reporters.JUnitXMLReporter -->
<testsuite ignored="0" hostname="Jayjeh" failures="1" tests="3" name="Bill Pay Tests" time="22.009" errors="0" timestamp="2026-09-10T11:51:44 WAT">
  <testcase classname="com.parabank.tests.BillPayTest" name="testAccountNumberMismatch_TC_P06" time="3.656"/>
  <testcase classname="com.parabank.tests.BillPayTest" name="testPaymentExceedsBalance_TC_P03" time="4.004">
    <failure type="java.lang.AssertionError" message="DEFECT SCRUM-9: Payment was accepted despite amount exceeding available balance expected [false] but found [true]">
      <![CDATA[java.lang.AssertionError: DEFECT SCRUM-9: Payment was accepted despite amount exceeding available balance expected [false] but found [true]
at com.parabank.tests.BillPayTest.testPaymentExceedsBalance_TC_P03(BillPayTest.java:40)
at java.base/java.util.ArrayList.forEach(ArrayList.java:1511)
... Removed 30 stack frames]]>
    </failure>
  </testcase> <!-- testPaymentExceedsBalance_TC_P03 -->
  <testcase classname="com.parabank.tests.BillPayTest" name="testSuccessfulPayment_TC_P01" time="3.869"/>
</testsuite> <!-- Bill Pay Tests -->
