<?xml version="1.0" encoding="UTF-8"?>
<!-- Generated by org.testng.reporters.JUnitXMLReporter -->
<testsuite ignored="0" hostname="Jayjeh" failures="1" tests="2" name="Logout Tests" time="13.662" errors="0" timestamp="2026-09-10T11:52:45 WAT">
  <testcase classname="com.parabank.tests.LogoutTest" name="testBackButtonAfterLogout_TC_O02" time="3.454">
    <failure type="java.lang.AssertionError" message="DEFECT SCRUM-10: Internal error shown instead of graceful redirect after Back button post-logout expected [false] but found [true]">
      <![CDATA[java.lang.AssertionError: DEFECT SCRUM-10: Internal error shown instead of graceful redirect after Back button post-logout expected [false] but found [true]
at com.parabank.tests.LogoutTest.testBackButtonAfterLogout_TC_O02(LogoutTest.java:36)
at java.base/java.util.ArrayList.forEach(ArrayList.java:1511)
... Removed 30 stack frames]]>
    </failure>
  </testcase> <!-- testBackButtonAfterLogout_TC_O02 -->
  <testcase classname="com.parabank.tests.LogoutTest" name="testLogoutRedirect_TC_O01" time="3.336"/>
</testsuite> <!-- Logout Tests -->
