<?xml version="1.0" encoding="UTF-8"?>
<!-- Generated by org.testng.reporters.JUnitXMLReporter -->
<testsuite ignored="0" hostname="Jayjeh" failures="0" tests="2" name="Registration Tests" time="13.024" errors="0" timestamp="2026-09-10T11:50:53 WAT">
  <testcase classname="com.parabank.tests.RegistrationTest" name="testExistingUsername_TC_R04" time="2.587"/>
  <testcase classname="com.parabank.tests.RegistrationTest" name="testValidRegistration_TC_R05" time="3.009"/>
</testsuite> <!-- Registration Tests -->
