<?xml version="1.0" encoding="UTF-8"?>
<!-- Generated by org.testng.reporters.JUnitXMLReporter -->
<testsuite ignored="0" hostname="Jayjeh" failures="0" tests="2" name="Registration Test" time="12.952" errors="0" timestamp="2026-09-05T18:44:16 WAT">
  <testcase classname="com.parabank.tests.RegistrationTest" name="testExistingUsername_TC_R04" time="2.693"/>
  <testcase classname="com.parabank.tests.RegistrationTest" name="testValidRegistration_TC_R05" time="2.804"/>
</testsuite> <!-- Registration Test -->
