<?xml version="1.0" encoding="UTF-8"?>
<!-- Generated by org.testng.reporters.JUnitXMLReporter -->
<testsuite ignored="0" hostname="Jayjeh" failures="1" tests="3" name="Request Loan Tests" time="21.851" errors="0" timestamp="2026-09-10T11:52:31 WAT">
  <testcase classname="com.parabank.tests.RequestLoanTest" name="testDownPaymentExceedsLoanAmount_TC_LN03" time="3.989"/>
  <testcase classname="com.parabank.tests.RequestLoanTest" name="testLoanApproved_TC_LN01" time="3.388"/>
  <testcase classname="com.parabank.tests.RequestLoanTest" name="testLoanDenied_TC_LN02" time="3.807">
    <failure type="java.lang.AssertionError" message="Loan was approved despite down payment exceeding available balance expected [false] but found [true]">
      <![CDATA[java.lang.AssertionError: Loan was approved despite down payment exceeding available balance expected [false] but found [true]
at com.parabank.tests.RequestLoanTest.testLoanDenied_TC_LN02(RequestLoanTest.java:33)
at java.base/java.util.ArrayList.forEach(ArrayList.java:1511)
... Removed 30 stack frames]]>
    </failure>
  </testcase> <!-- testLoanDenied_TC_LN02 -->
</testsuite> <!-- Request Loan Tests -->
