<?xml version="1.0" encoding="UTF-8"?>
<!-- Generated by org.testng.reporters.JUnitXMLReporter -->
<testsuite ignored="0" hostname="Jayjeh" failures="0" tests="3" name="Transfer Funds" time="69.845" errors="0" timestamp="2026-09-05T18:45:32 WAT">
  <testcase classname="com.parabank.tests.TransferFundsTest" name="testNegativeAmountReversesDirection_TC_T05" time="27.65"/>
  <testcase classname="com.parabank.tests.TransferFundsTest" name="testSuccessfulTransfer_TC_T01" time="3.964"/>
  <testcase classname="com.parabank.tests.TransferFundsTest" name="testTransferExceedsBalance_TC_T02" time="27.372"/>
</testsuite> <!-- Transfer Funds -->
