<?xml version="1.0" encoding="UTF-8"?>
<!-- Generated by org.testng.reporters.JUnitXMLReporter -->
<testsuite ignored="0" hostname="Jayjeh" failures="2" tests="3" name="Transfer Funds Tests" time="22.274" errors="0" timestamp="2026-09-10T11:51:22 WAT">
  <testcase classname="com.parabank.tests.TransferFundsTest" name="testNegativeAmountReversesDirection_TC_T05" time="3.814">
    <failure type="java.lang.AssertionError" message="DEFECT SCRUM-8: Negative amount was accepted instead of being rejected expected [false] but found [true]">
      <![CDATA[java.lang.AssertionError: DEFECT SCRUM-8: Negative amount was accepted instead of being rejected expected [false] but found [true]
at com.parabank.tests.TransferFundsTest.testNegativeAmountReversesDirection_TC_T05(TransferFundsTest.java:66)
at java.base/java.util.ArrayList.forEach(ArrayList.java:1511)
... Removed 30 stack frames]]>
    </failure>
  </testcase> <!-- testNegativeAmountReversesDirection_TC_T05 -->
  <testcase classname="com.parabank.tests.TransferFundsTest" name="testSuccessfulTransfer_TC_T01" time="4.086"/>
  <testcase classname="com.parabank.tests.TransferFundsTest" name="testTransferExceedsBalance_TC_T02" time="4.551">
    <failure type="java.lang.AssertionError" message="DEFECT SCRUM-7: Transfer was accepted despite amount exceeding available balance expected [false] but found [true]">
      <![CDATA[java.lang.AssertionError: DEFECT SCRUM-7: Transfer was accepted despite amount exceeding available balance expected [false] but found [true]
at com.parabank.tests.TransferFundsTest.testTransferExceedsBalance_TC_T02(TransferFundsTest.java:45)
at java.base/java.util.ArrayList.forEach(ArrayList.java:1511)
... Removed 30 stack frames]]>
    </failure>
  </testcase> <!-- testTransferExceedsBalance_TC_T02 -->
</testsuite> <!-- Transfer Funds Tests -->
