<?xml version="1.0" encoding="UTF-8"?>
<!-- Generated by org.testng.reporters.JUnitXMLReporter -->
<testsuite ignored="0" hostname="Jayjeh" failures="0" tests="2" name="Update Contact Info Tests" time="14.399" errors="0" timestamp="2026-09-10T11:52:09 WAT">
  <testcase classname="com.parabank.tests.UpdateContactInfoTest" name="testBlankFirstName_TC_U02" time="3.094"/>
  <testcase classname="com.parabank.tests.UpdateContactInfoTest" name="testValidUpdate_TC_U01" time="4.248"/>
</testsuite> <!-- Update Contact Info Tests -->
