<?xml version="1.0" encoding="UTF-8"?>
<testng-results ignored="0" total="3" passed="3" failed="0" skipped="0">
  <reporter-output>
  </reporter-output>
  <suite started-at="2026-09-12T14:04:30 WAT" name="Default suite" finished-at="2026-09-12T14:04:31 WAT" duration-ms="593">
    <groups>
    </groups>
    <test started-at="2026-09-12T14:04:30 WAT" name="Default test" finished-at="2026-09-12T14:04:31 WAT" duration-ms="593">
      <class name="com.parabank.tests.DatabaseTest">
        <test-method signature="testAccountBalance_DB01()[pri:0, instance:com.parabank.tests.DatabaseTest@6f1de4c7]" started-at="2026-09-12T14:04:30 WAT" name="testAccountBalance_DB01" finished-at="2026-09-12T14:04:31 WAT" duration-ms="470" status="PASS">
          <reporter-output>
          </reporter-output>
        </test-method> <!-- testAccountBalance_DB01 -->
        <test-method signature="testBalanceConsistencyAcrossAccounts_DB03()[pri:0, instance:com.parabank.tests.DatabaseTest@6f1de4c7]" started-at="2026-09-12T14:04:31 WAT" name="testBalanceConsistencyAcrossAccounts_DB03" finished-at="2026-09-12T14:04:31 WAT" duration-ms="13" status="PASS">
          <reporter-output>
          </reporter-output>
        </test-method> <!-- testBalanceConsistencyAcrossAccounts_DB03 -->
        <test-method signature="testTransactionLinkedToAccount_DB02()[pri:0, instance:com.parabank.tests.DatabaseTest@6f1de4c7]" started-at="2026-09-12T14:04:31 WAT" name="testTransactionLinkedToAccount_DB02" finished-at="2026-09-12T14:04:31 WAT" duration-ms="5" status="PASS">
          <reporter-output>
          </reporter-output>
        </test-method> <!-- testTransactionLinkedToAccount_DB02 -->
        <test-method is-config="true" signature="tearDown()[pri:0, instance:com.parabank.tests.DatabaseTest@6f1de4c7]" started-at="2026-09-12T14:04:31 WAT" name="tearDown" finished-at="2026-09-12T14:04:31 WAT" duration-ms="6" status="PASS">
          <reporter-output>
          </reporter-output>
        </test-method> <!-- tearDown -->
      </class> <!-- com.parabank.tests.DatabaseTest -->
    </test> <!-- Default test -->
  </suite> <!-- Default suite -->
</testng-results>
