<?xml version="1.0" encoding="UTF-8"?>
<!-- Generated by org.testng.reporters.JUnitReportReporter -->
<testsuite hostname="Jayjeh" failures="0" tests="3" name="com.parabank.tests.RequestLoanTest" time="20.652" errors="0" timestamp="2026-09-10T12:41:50 WAT" skipped="0">
  <testcase classname="com.parabank.tests.RequestLoanTest" name="testDownPaymentExceedsLoanAmount_TC_LN03" time="7.129"/>
  <testcase classname="com.parabank.tests.RequestLoanTest" name="testLoanDenied_TC_LN02" time="6.689"/>
  <testcase classname="com.parabank.tests.RequestLoanTest" name="testLoanApproved_TC_LN01" time="6.834"/>
</testsuite> <!-- com.parabank.tests.RequestLoanTest -->
