<?xml version="1.0" encoding="UTF-8"?>
<!-- Generated by org.testng.reporters.JUnitReportReporter -->
<testsuite hostname="Jayjeh" failures="0" tests="3" name="com.parabank.tests.DatabaseTest" time="0.488" errors="0" timestamp="2026-09-12T14:04:31 WAT" skipped="0">
  <testcase classname="com.parabank.tests.DatabaseTest" name="testAccountBalance_DB01" time="0.470"/>
  <testcase classname="com.parabank.tests.DatabaseTest" name="testBalanceConsistencyAcrossAccounts_DB03" time="0.013"/>
  <testcase classname="com.parabank.tests.DatabaseTest" name="testTransactionLinkedToAccount_DB02" time="0.005"/>
</testsuite> <!-- com.parabank.tests.DatabaseTest -->
