<?xml version="1.0" encoding="UTF-8"?>
<!-- Generated by org.testng.reporters.JUnitReportReporter -->
<testsuite hostname="Jayjeh" failures="0" tests="2" name="com.parabank.tests.RegistrationTest" time="13.129" errors="0" timestamp="2026-09-10T12:41:50 WAT" skipped="0">
  <testcase classname="com.parabank.tests.RegistrationTest" name="testExistingUsername_TC_R04" time="6.189"/>
  <testcase classname="com.parabank.tests.RegistrationTest" name="testValidRegistration_TC_R05" time="6.940"/>
</testsuite> <!-- com.parabank.tests.RegistrationTest -->
