<?xml version="1.0" encoding="UTF-8"?>
<!-- Generated by org.testng.reporters.JUnitXMLReporter -->
<testsuite ignored="0" hostname="Jayjeh" failures="1" tests="2" name="Registration Test(failed)" time="18.595" errors="0" timestamp="2026-09-05T07:40:27 WAT">
  <testcase classname="com.parabank.tests.RegistrationTest" name="testExistingUsername_TC_R04" time="3.857"/>
  <testcase classname="com.parabank.tests.RegistrationTest" name="testValidRegistration_TC_R05" time="2.238">
    <failure type="java.lang.AssertionError" message="Registration was not successful for valid, unique details expected [true] but found [false]">
      <![CDATA[java.lang.AssertionError: Registration was not successful for valid, unique details expected [true] but found [false]
at com.parabank.tests.RegistrationTest.testValidRegistration_TC_R05(RegistrationTest.java:41)
at java.base/java.util.ArrayList.forEach(ArrayList.java:1511)
... Removed 30 stack frames]]>
    </failure>
  </testcase> <!-- testValidRegistration_TC_R05 -->
</testsuite> <!-- Registration Test(failed) -->
